<?xml version="1.0" encoding="UTF-8"?>
<robot generator="Robot 4.1.3 (Python 3.10.0 on win32)" generated="20220107 08:40:42.032" rpa="false" schemaversion="2">
<suite id="s1" name="Register" source="C:\Users\udayk\PycharmProjects\Test_Automation\Test_Cases\Register.robot">
<test id="s1-t1" name="Test radiobutton">
<kw name="launchbrowser" library="resources">
<kw name="Open Browser" library="SeleniumLibrary">
<arg>${url}</arg>
<arg>${browser}</arg>
<doc>Opens a new browser instance to the optional ``url``.</doc>
<msg timestamp="20220107 08:40:42.241" level="INFO">Opening browser 'chrome' to base url 'https://demo.nopcommerce.com/'.</msg>
<status status="PASS" starttime="20220107 08:40:42.240" endtime="20220107 08:40:45.259"/>
</kw>
<kw name="Maximize Browser Window" library="SeleniumLibrary">
<doc>Maximizes current browser window.</doc>
<status status="PASS" starttime="20220107 08:40:45.260" endtime="20220107 08:40:45.384"/>
</kw>
<status status="PASS" starttime="20220107 08:40:42.240" endtime="20220107 08:40:45.385"/>
</kw>
<kw name="getbrowsertitle" library="resources">
<var>${pagetitle}</var>
<arg>${url}</arg>
<arg>${browser}</arg>
<kw name="Get Title" library="SeleniumLibrary">
<var>${title}</var>
<doc>Returns the title of the current page.</doc>
<msg timestamp="20220107 08:40:45.394" level="INFO">${title} = nopCommerce demo store</msg>
<status status="PASS" starttime="20220107 08:40:45.386" endtime="20220107 08:40:45.394"/>
</kw>
<msg timestamp="20220107 08:40:45.394" level="INFO">${pagetitle} = nopCommerce demo store</msg>
<status status="PASS" starttime="20220107 08:40:45.386" endtime="20220107 08:40:45.394"/>
</kw>
<kw name="Log To Console" library="BuiltIn">
<arg>${pagetitle}</arg>
<doc>Logs the given message to the console.</doc>
<status status="PASS" starttime="20220107 08:40:45.395" endtime="20220107 08:40:45.395"/>
</kw>
<kw name="Log" library="BuiltIn">
<arg>${pagetitle}</arg>
<doc>Logs the given message with the given level.</doc>
<msg timestamp="20220107 08:40:45.396" level="INFO">nopCommerce demo store</msg>
<status status="PASS" starttime="20220107 08:40:45.396" endtime="20220107 08:40:45.396"/>
</kw>
<kw name="Set Selenium Implicit Wait" library="SeleniumLibrary">
<arg>10</arg>
<doc>Sets the implicit wait value used by Selenium.</doc>
<status status="PASS" starttime="20220107 08:40:45.397" endtime="20220107 08:40:45.399"/>
</kw>
<kw name="Click Link" library="SeleniumLibrary">
<arg>xpath://a[contains(text(),'Register')]</arg>
<doc>Clicks a link identified by ``locator``.</doc>
<msg timestamp="20220107 08:40:45.400" level="INFO">Clicking link 'xpath://a[contains(text(),'Register')]'.</msg>
<status status="PASS" starttime="20220107 08:40:45.400" endtime="20220107 08:40:47.028"/>
</kw>
<kw name="Select Radio Button" library="SeleniumLibrary">
<arg>Gender</arg>
<arg>gender-male</arg>
<doc>Sets the radio button group ``group_name`` to ``value``.</doc>
<msg timestamp="20220107 08:40:47.029" level="INFO">Selecting 'gender-male' from radio button 'Gender'.</msg>
<status status="PASS" starttime="20220107 08:40:47.028" endtime="20220107 08:40:47.072"/>
</kw>
<kw name="Input Text" library="SeleniumLibrary">
<arg>id:FirstName</arg>
<arg>UdayKumar</arg>
<doc>Types the given ``text`` into the text field identified by ``locator``.</doc>
<msg timestamp="20220107 08:40:47.073" level="INFO">Typing text 'UdayKumar' into text field 'id:FirstName'.</msg>
<status status="PASS" starttime="20220107 08:40:47.073" endtime="20220107 08:40:47.164"/>
</kw>
<kw name="Input Text" library="SeleniumLibrary">
<arg>id:LastName</arg>
<arg>narsingoju</arg>
<doc>Types the given ``text`` into the text field identified by ``locator``.</doc>
<msg timestamp="20220107 08:40:47.165" level="INFO">Typing text 'narsingoju' into text field 'id:LastName'.</msg>
<status status="PASS" starttime="20220107 08:40:47.164" endtime="20220107 08:40:47.232"/>
</kw>
<kw name="Select From List By Value" library="SeleniumLibrary">
<arg>DateOfBirthDay</arg>
<arg>12</arg>
<doc>Selects options from selection list ``locator`` by ``values``.</doc>
<msg timestamp="20220107 08:40:47.232" level="INFO">Selecting options from selection list 'DateOfBirthDay' by value 12.</msg>
<status status="PASS" starttime="20220107 08:40:47.232" endtime="20220107 08:40:47.278"/>
</kw>
<kw name="Select From List By Label" library="SeleniumLibrary">
<arg>DateOfBirthMonth</arg>
<arg>December</arg>
<doc>Selects options from selection list ``locator`` by ``labels``.</doc>
<msg timestamp="20220107 08:40:47.278" level="INFO">Selecting options from selection list 'DateOfBirthMonth' by label December.</msg>
<status status="PASS" starttime="20220107 08:40:47.278" endtime="20220107 08:40:47.336"/>
</kw>
<kw name="Select From List By Index" library="SeleniumLibrary">
<arg>DateOfBirthYear</arg>
<arg>86</arg>
<doc>Selects options from selection list ``locator`` by ``indexes``.</doc>
<msg timestamp="20220107 08:40:47.338" level="INFO">Selecting options from selection list 'DateOfBirthYear' by index 86.</msg>
<status status="PASS" starttime="20220107 08:40:47.337" endtime="20220107 08:40:48.279"/>
</kw>
<kw name="Sleep" library="BuiltIn">
<arg>3</arg>
<doc>Pauses the test executed for the given time.</doc>
<msg timestamp="20220107 08:40:51.295" level="INFO">Slept 3 seconds</msg>
<status status="PASS" starttime="20220107 08:40:48.279" endtime="20220107 08:40:51.295"/>
</kw>
<kw name="Close Browser" library="SeleniumLibrary">
<doc>Closes the current browser.</doc>
<status status="PASS" starttime="20220107 08:40:51.295" endtime="20220107 08:40:53.421"/>
</kw>
<doc>verify output for Registration radio and dropdown</doc>
<tag>DEBUG</tag>
<status status="PASS" starttime="20220107 08:40:42.239" endtime="20220107 08:40:53.422"/>
</test>
<status status="PASS" starttime="20220107 08:40:42.033" endtime="20220107 08:40:53.423"/>
</suite>
<statistics>
<total>
<stat pass="1" fail="0" skip="0">All Tests</stat>
</total>
<tag>
<stat pass="1" fail="0" skip="0">DEBUG</stat>
</tag>
<suite>
<stat pass="1" fail="0" skip="0" id="s1" name="Register">Register</stat>
</suite>
</statistics>
<errors>
</errors>
</robot>
